<?xml version="1.0" encoding="UTF-8"?>
<testng-results ignored="0" total="7" passed="6" failed="1" skipped="0">
  <reporter-output>
  </reporter-output>
  <suite started-at="2021-04-15T23:53:57 EDT" name="Default suite" finished-at="2021-04-15T23:54:06 EDT" duration-ms="8432">
    <groups>
    </groups>
    <test started-at="2021-04-15T23:53:57 EDT" name="Default test" finished-at="2021-04-15T23:54:06 EDT" duration-ms="8432">
      <class name="StarWarsAPI.StarWarsAPITestig">
        <test-method signature="allCharValidTest()[pri:1, instance:StarWarsAPI.StarWarsAPITestig@67c33749]" started-at="2021-04-15T23:53:57 EDT" name="allCharValidTest" finished-at="2021-04-15T23:54:00 EDT" duration-ms="2666" status="PASS">
          <reporter-output>
          </reporter-output>
        </test-method> <!-- allCharValidTest -->
        <test-method signature="allCharInvalidTest()[pri:2, instance:StarWarsAPI.StarWarsAPITestig@67c33749]" started-at="2021-04-15T23:54:00 EDT" name="allCharInvalidTest" finished-at="2021-04-15T23:54:01 EDT" duration-ms="820" status="PASS">
          <reporter-output>
          </reporter-output>
        </test-method> <!-- allCharInvalidTest -->
        <test-method signature="specificCharValidTest()[pri:3, instance:StarWarsAPI.StarWarsAPITestig@67c33749]" started-at="2021-04-15T23:54:01 EDT" name="specificCharValidTest" finished-at="2021-04-15T23:54:01 EDT" duration-ms="742" status="PASS">
          <reporter-output>
          </reporter-output>
        </test-method> <!-- specificCharValidTest -->
        <test-method signature="specificCharInvalidTest()[pri:4, instance:StarWarsAPI.StarWarsAPITestig@67c33749]" started-at="2021-04-15T23:54:01 EDT" name="specificCharInvalidTest" finished-at="2021-04-15T23:54:02 EDT" duration-ms="836" status="PASS">
          <reporter-output>
          </reporter-output>
        </test-method> <!-- specificCharInvalidTest -->
        <test-method signature="searchPlanetsValidTest()[pri:5, instance:StarWarsAPI.StarWarsAPITestig@67c33749]" started-at="2021-04-15T23:54:02 EDT" name="searchPlanetsValidTest" finished-at="2021-04-15T23:54:03 EDT" duration-ms="735" status="PASS">
          <reporter-output>
          </reporter-output>
        </test-method> <!-- searchPlanetsValidTest -->
        <test-method signature="searchPlanetsInvalidTest()[pri:6, instance:StarWarsAPI.StarWarsAPITestig@67c33749]" started-at="2021-04-15T23:54:03 EDT" name="searchPlanetsInvalidTest" finished-at="2021-04-15T23:54:04 EDT" duration-ms="728" status="PASS">
          <reporter-output>
          </reporter-output>
        </test-method> <!-- searchPlanetsInvalidTest -->
        <test-method signature="BlankSearch()[pri:7, instance:StarWarsAPI.StarWarsAPITestig@67c33749]" started-at="2021-04-15T23:54:04 EDT" name="BlankSearch" finished-at="2021-04-15T23:54:06 EDT" duration-ms="1824" status="FAIL">
          <exception class="java.lang.AssertionError">
            <message>
              <![CDATA[expected [404] but found [200]]]>
            </message>
            <full-stacktrace>
              <![CDATA[java.lang.AssertionError: expected [404] but found [200]
at org.testng.Assert.fail(Assert.java:99)
at org.testng.Assert.failNotEquals(Assert.java:1037)
at org.testng.Assert.assertEqualsImpl(Assert.java:140)
at org.testng.Assert.assertEquals(Assert.java:122)
at org.testng.Assert.assertEquals(Assert.java:907)
at org.testng.Assert.assertEquals(Assert.java:917)
at StarWarsAPI.StarWarsAPITestig.BlankSearch(StarWarsAPITestig.java:78)
at java.base/jdk.internal.reflect.NativeMethodAccessorImpl.invoke0(Native Method)
at java.base/jdk.internal.reflect.NativeMethodAccessorImpl.invoke(NativeMethodAccessorImpl.java:62)
at java.base/jdk.internal.reflect.DelegatingMethodAccessorImpl.invoke(DelegatingMethodAccessorImpl.java:43)
at java.base/java.lang.reflect.Method.invoke(Method.java:566)
at org.testng.internal.MethodInvocationHelper.invokeMethod(MethodInvocationHelper.java:132)
at org.testng.internal.TestInvoker.invokeMethod(TestInvoker.java:599)
at org.testng.internal.TestInvoker.invokeTestMethod(TestInvoker.java:174)
at org.testng.internal.MethodRunner.runInSequence(MethodRunner.java:46)
at org.testng.internal.TestInvoker$MethodInvocationAgent.invoke(TestInvoker.java:822)
at org.testng.internal.TestInvoker.invokeTestMethods(TestInvoker.java:147)
at org.testng.internal.TestMethodWorker.invokeTestMethods(TestMethodWorker.java:146)
at org.testng.internal.TestMethodWorker.run(TestMethodWorker.java:128)
at java.base/java.util.ArrayList.forEach(ArrayList.java:1540)
at org.testng.TestRunner.privateRun(TestRunner.java:764)
at org.testng.TestRunner.run(TestRunner.java:585)
at org.testng.SuiteRunner.runTest(SuiteRunner.java:384)
at org.testng.SuiteRunner.runSequentially(SuiteRunner.java:378)
at org.testng.SuiteRunner.privateRun(SuiteRunner.java:337)
at org.testng.SuiteRunner.run(SuiteRunner.java:286)
at org.testng.SuiteRunnerWorker.runSuite(SuiteRunnerWorker.java:53)
at org.testng.SuiteRunnerWorker.run(SuiteRunnerWorker.java:96)
at org.testng.TestNG.runSuitesSequentially(TestNG.java:1218)
at org.testng.TestNG.runSuitesLocally(TestNG.java:1140)
at org.testng.TestNG.runSuites(TestNG.java:1069)
at org.testng.TestNG.run(TestNG.java:1037)
at org.testng.remote.AbstractRemoteTestNG.run(AbstractRemoteTestNG.java:115)
at org.testng.remote.RemoteTestNG.initAndRun(RemoteTestNG.java:251)
at org.testng.remote.RemoteTestNG.main(RemoteTestNG.java:77)
]]>
            </full-stacktrace>
          </exception> <!-- java.lang.AssertionError -->
          <reporter-output>
          </reporter-output>
        </test-method> <!-- BlankSearch -->
      </class> <!-- StarWarsAPI.StarWarsAPITestig -->
    </test> <!-- Default test -->
  </suite> <!-- Default suite -->
</testng-results>
